ARM GAS  C:\Users\NICHOL~2\AppData\Local\Temp\ccif1Um5.s 			page 1


   1              		.cpu cortex-m4
   2              		.arch armv7e-m
   3              		.fpu fpv4-sp-d16
   4              		.eabi_attribute 27, 1
   5              		.eabi_attribute 28, 1
   6              		.eabi_attribute 20, 1
   7              		.eabi_attribute 21, 1
   8              		.eabi_attribute 23, 3
   9              		.eabi_attribute 24, 1
  10              		.eabi_attribute 25, 1
  11              		.eabi_attribute 26, 1
  12              		.eabi_attribute 30, 1
  13              		.eabi_attribute 34, 1
  14              		.eabi_attribute 18, 4
  15              		.file	"system_stm32f3xx.c"
  16              		.text
  17              	.Ltext0:
  18              		.cfi_sections	.debug_frame
  19              		.section	.text.SystemInit,"ax",%progbits
  20              		.align	1
  21              		.global	SystemInit
  22              		.syntax unified
  23              		.thumb
  24              		.thumb_func
  26              	SystemInit:
  27              	.LFB130:
  28              		.file 1 "Core/Src/system_stm32f3xx.c"
   1:Core/Src/system_stm32f3xx.c **** /**
   2:Core/Src/system_stm32f3xx.c ****   ******************************************************************************
   3:Core/Src/system_stm32f3xx.c ****   * @file    system_stm32f3xx.c
   4:Core/Src/system_stm32f3xx.c ****   * @author  MCD Application Team
   5:Core/Src/system_stm32f3xx.c ****   * @brief   CMSIS Cortex-M4 Device Peripheral Access Layer System Source File.
   6:Core/Src/system_stm32f3xx.c ****   *
   7:Core/Src/system_stm32f3xx.c ****   * 1. This file provides two functions and one global variable to be called from
   8:Core/Src/system_stm32f3xx.c ****   *    user application:
   9:Core/Src/system_stm32f3xx.c ****   *      - SystemInit(): This function is called at startup just after reset and 
  10:Core/Src/system_stm32f3xx.c ****   *                      before branch to main program. This call is made inside
  11:Core/Src/system_stm32f3xx.c ****   *                      the "startup_stm32f3xx.s" file.
  12:Core/Src/system_stm32f3xx.c ****   *
  13:Core/Src/system_stm32f3xx.c ****   *      - SystemCoreClock variable: Contains the core clock (HCLK), it can be used
  14:Core/Src/system_stm32f3xx.c ****   *                                  by the user application to setup the SysTick
  15:Core/Src/system_stm32f3xx.c ****   *                                  timer or configure other parameters.
  16:Core/Src/system_stm32f3xx.c ****   *
  17:Core/Src/system_stm32f3xx.c ****   *      - SystemCoreClockUpdate(): Updates the variable SystemCoreClock and must
  18:Core/Src/system_stm32f3xx.c ****   *                                 be called whenever the core clock is changed
  19:Core/Src/system_stm32f3xx.c ****   *                                 during program execution.
  20:Core/Src/system_stm32f3xx.c ****   *
  21:Core/Src/system_stm32f3xx.c ****   * 2. After each device reset the HSI (8 MHz) is used as system clock source.
  22:Core/Src/system_stm32f3xx.c ****   *    Then SystemInit() function is called, in "startup_stm32f3xx.s" file, to
  23:Core/Src/system_stm32f3xx.c ****   *    configure the system clock before to branch to main program.
  24:Core/Src/system_stm32f3xx.c ****   *
  25:Core/Src/system_stm32f3xx.c ****   * 3. This file configures the system clock as follows:
  26:Core/Src/system_stm32f3xx.c ****   *=============================================================================
  27:Core/Src/system_stm32f3xx.c ****   *                         Supported STM32F3xx device
  28:Core/Src/system_stm32f3xx.c ****   *-----------------------------------------------------------------------------
  29:Core/Src/system_stm32f3xx.c ****   *        System Clock source                    | HSI
  30:Core/Src/system_stm32f3xx.c ****   *-----------------------------------------------------------------------------
ARM GAS  C:\Users\NICHOL~2\AppData\Local\Temp\ccif1Um5.s 			page 2


  31:Core/Src/system_stm32f3xx.c ****   *        SYSCLK(Hz)                             | 8000000
  32:Core/Src/system_stm32f3xx.c ****   *-----------------------------------------------------------------------------
  33:Core/Src/system_stm32f3xx.c ****   *        HCLK(Hz)                               | 8000000
  34:Core/Src/system_stm32f3xx.c ****   *-----------------------------------------------------------------------------
  35:Core/Src/system_stm32f3xx.c ****   *        AHB Prescaler                          | 1
  36:Core/Src/system_stm32f3xx.c ****   *-----------------------------------------------------------------------------
  37:Core/Src/system_stm32f3xx.c ****   *        APB2 Prescaler                         | 1
  38:Core/Src/system_stm32f3xx.c ****   *-----------------------------------------------------------------------------
  39:Core/Src/system_stm32f3xx.c ****   *        APB1 Prescaler                         | 1
  40:Core/Src/system_stm32f3xx.c ****   *-----------------------------------------------------------------------------
  41:Core/Src/system_stm32f3xx.c ****   *        USB Clock                              | DISABLE
  42:Core/Src/system_stm32f3xx.c ****   *-----------------------------------------------------------------------------
  43:Core/Src/system_stm32f3xx.c ****   *=============================================================================
  44:Core/Src/system_stm32f3xx.c ****   ******************************************************************************
  45:Core/Src/system_stm32f3xx.c ****   * @attention
  46:Core/Src/system_stm32f3xx.c ****   *
  47:Core/Src/system_stm32f3xx.c ****   * Copyright (c) 2016 STMicroelectronics.
  48:Core/Src/system_stm32f3xx.c ****   * All rights reserved.
  49:Core/Src/system_stm32f3xx.c ****   *
  50:Core/Src/system_stm32f3xx.c ****   * This software is licensed under terms that can be found in the LICENSE file
  51:Core/Src/system_stm32f3xx.c ****   * in the root directory of this software component.
  52:Core/Src/system_stm32f3xx.c ****   * If no LICENSE file comes with this software, it is provided AS-IS.
  53:Core/Src/system_stm32f3xx.c ****   *
  54:Core/Src/system_stm32f3xx.c ****   ******************************************************************************
  55:Core/Src/system_stm32f3xx.c ****   */
  56:Core/Src/system_stm32f3xx.c **** 
  57:Core/Src/system_stm32f3xx.c **** /** @addtogroup CMSIS
  58:Core/Src/system_stm32f3xx.c ****   * @{
  59:Core/Src/system_stm32f3xx.c ****   */
  60:Core/Src/system_stm32f3xx.c **** 
  61:Core/Src/system_stm32f3xx.c **** /** @addtogroup stm32f3xx_system
  62:Core/Src/system_stm32f3xx.c ****   * @{
  63:Core/Src/system_stm32f3xx.c ****   */
  64:Core/Src/system_stm32f3xx.c **** 
  65:Core/Src/system_stm32f3xx.c **** /** @addtogroup STM32F3xx_System_Private_Includes
  66:Core/Src/system_stm32f3xx.c ****   * @{
  67:Core/Src/system_stm32f3xx.c ****   */
  68:Core/Src/system_stm32f3xx.c **** 
  69:Core/Src/system_stm32f3xx.c **** #include "stm32f3xx.h"
  70:Core/Src/system_stm32f3xx.c **** 
  71:Core/Src/system_stm32f3xx.c **** /**
  72:Core/Src/system_stm32f3xx.c ****   * @}
  73:Core/Src/system_stm32f3xx.c ****   */
  74:Core/Src/system_stm32f3xx.c **** 
  75:Core/Src/system_stm32f3xx.c **** /** @addtogroup STM32F3xx_System_Private_TypesDefinitions
  76:Core/Src/system_stm32f3xx.c ****   * @{
  77:Core/Src/system_stm32f3xx.c ****   */
  78:Core/Src/system_stm32f3xx.c **** 
  79:Core/Src/system_stm32f3xx.c **** /**
  80:Core/Src/system_stm32f3xx.c ****   * @}
  81:Core/Src/system_stm32f3xx.c ****   */
  82:Core/Src/system_stm32f3xx.c **** 
  83:Core/Src/system_stm32f3xx.c **** /** @addtogroup STM32F3xx_System_Private_Defines
  84:Core/Src/system_stm32f3xx.c ****   * @{
  85:Core/Src/system_stm32f3xx.c ****   */
  86:Core/Src/system_stm32f3xx.c **** #if !defined  (HSE_VALUE) 
  87:Core/Src/system_stm32f3xx.c ****   #define HSE_VALUE    ((uint32_t)8000000) /*!< Default value of the External oscillator in Hz.
ARM GAS  C:\Users\NICHOL~2\AppData\Local\Temp\ccif1Um5.s 			page 3


  88:Core/Src/system_stm32f3xx.c ****                                                 This value can be provided and adapted by the user 
  89:Core/Src/system_stm32f3xx.c **** #endif /* HSE_VALUE */
  90:Core/Src/system_stm32f3xx.c **** 
  91:Core/Src/system_stm32f3xx.c **** #if !defined  (HSI_VALUE)
  92:Core/Src/system_stm32f3xx.c ****   #define HSI_VALUE    ((uint32_t)8000000) /*!< Default value of the Internal oscillator in Hz.
  93:Core/Src/system_stm32f3xx.c ****                                                 This value can be provided and adapted by the user 
  94:Core/Src/system_stm32f3xx.c **** #endif /* HSI_VALUE */
  95:Core/Src/system_stm32f3xx.c **** 
  96:Core/Src/system_stm32f3xx.c **** /* Note: Following vector table addresses must be defined in line with linker
  97:Core/Src/system_stm32f3xx.c ****          configuration. */
  98:Core/Src/system_stm32f3xx.c **** /*!< Uncomment the following line if you need to relocate the vector table
  99:Core/Src/system_stm32f3xx.c ****      anywhere in Flash or Sram, else the vector table is kept at the automatic
 100:Core/Src/system_stm32f3xx.c ****      remap of boot address selected */
 101:Core/Src/system_stm32f3xx.c **** /* #define USER_VECT_TAB_ADDRESS */
 102:Core/Src/system_stm32f3xx.c **** 
 103:Core/Src/system_stm32f3xx.c **** #if defined(USER_VECT_TAB_ADDRESS)
 104:Core/Src/system_stm32f3xx.c **** /*!< Uncomment the following line if you need to relocate your vector Table
 105:Core/Src/system_stm32f3xx.c ****      in Sram else user remap will be done in Flash. */
 106:Core/Src/system_stm32f3xx.c **** /* #define VECT_TAB_SRAM */
 107:Core/Src/system_stm32f3xx.c **** #if defined(VECT_TAB_SRAM)
 108:Core/Src/system_stm32f3xx.c **** #define VECT_TAB_BASE_ADDRESS   SRAM_BASE       /*!< Vector Table base address field.
 109:Core/Src/system_stm32f3xx.c ****                                                      This value must be a multiple of 0x200. */
 110:Core/Src/system_stm32f3xx.c **** #define VECT_TAB_OFFSET         0x00000000U     /*!< Vector Table base offset field.
 111:Core/Src/system_stm32f3xx.c ****                                                      This value must be a multiple of 0x200. */
 112:Core/Src/system_stm32f3xx.c **** #else
 113:Core/Src/system_stm32f3xx.c **** #define VECT_TAB_BASE_ADDRESS   FLASH_BASE      /*!< Vector Table base address field.
 114:Core/Src/system_stm32f3xx.c ****                                                      This value must be a multiple of 0x200. */
 115:Core/Src/system_stm32f3xx.c **** #define VECT_TAB_OFFSET         0x00000000U     /*!< Vector Table base offset field.
 116:Core/Src/system_stm32f3xx.c ****                                                      This value must be a multiple of 0x200. */
 117:Core/Src/system_stm32f3xx.c **** #endif /* VECT_TAB_SRAM */
 118:Core/Src/system_stm32f3xx.c **** #endif /* USER_VECT_TAB_ADDRESS */
 119:Core/Src/system_stm32f3xx.c **** 
 120:Core/Src/system_stm32f3xx.c **** /******************************************************************************/
 121:Core/Src/system_stm32f3xx.c **** /**
 122:Core/Src/system_stm32f3xx.c ****   * @}
 123:Core/Src/system_stm32f3xx.c ****   */
 124:Core/Src/system_stm32f3xx.c **** 
 125:Core/Src/system_stm32f3xx.c **** /** @addtogroup STM32F3xx_System_Private_Macros
 126:Core/Src/system_stm32f3xx.c ****   * @{
 127:Core/Src/system_stm32f3xx.c ****   */
 128:Core/Src/system_stm32f3xx.c **** 
 129:Core/Src/system_stm32f3xx.c **** /**
 130:Core/Src/system_stm32f3xx.c ****   * @}
 131:Core/Src/system_stm32f3xx.c ****   */
 132:Core/Src/system_stm32f3xx.c **** 
 133:Core/Src/system_stm32f3xx.c **** /** @addtogroup STM32F3xx_System_Private_Variables
 134:Core/Src/system_stm32f3xx.c ****   * @{
 135:Core/Src/system_stm32f3xx.c ****   */
 136:Core/Src/system_stm32f3xx.c ****   /* This variable is updated in three ways:
 137:Core/Src/system_stm32f3xx.c ****       1) by calling CMSIS function SystemCoreClockUpdate()
 138:Core/Src/system_stm32f3xx.c ****       2) by calling HAL API function HAL_RCC_GetHCLKFreq()
 139:Core/Src/system_stm32f3xx.c ****       3) each time HAL_RCC_ClockConfig() is called to configure the system clock frequency
 140:Core/Src/system_stm32f3xx.c ****          Note: If you use this function to configure the system clock there is no need to
 141:Core/Src/system_stm32f3xx.c ****                call the 2 first functions listed above, since SystemCoreClock variable is 
 142:Core/Src/system_stm32f3xx.c ****                updated automatically.
 143:Core/Src/system_stm32f3xx.c ****   */
 144:Core/Src/system_stm32f3xx.c **** uint32_t SystemCoreClock = 8000000;
ARM GAS  C:\Users\NICHOL~2\AppData\Local\Temp\ccif1Um5.s 			page 4


 145:Core/Src/system_stm32f3xx.c **** 
 146:Core/Src/system_stm32f3xx.c **** const uint8_t AHBPrescTable[16] = {0, 0, 0, 0, 0, 0, 0, 0, 1, 2, 3, 4, 6, 7, 8, 9};
 147:Core/Src/system_stm32f3xx.c **** const uint8_t APBPrescTable[8]  = {0, 0, 0, 0, 1, 2, 3, 4};
 148:Core/Src/system_stm32f3xx.c **** 
 149:Core/Src/system_stm32f3xx.c **** /**
 150:Core/Src/system_stm32f3xx.c ****   * @}
 151:Core/Src/system_stm32f3xx.c ****   */
 152:Core/Src/system_stm32f3xx.c **** 
 153:Core/Src/system_stm32f3xx.c **** /** @addtogroup STM32F3xx_System_Private_FunctionPrototypes
 154:Core/Src/system_stm32f3xx.c ****   * @{
 155:Core/Src/system_stm32f3xx.c ****   */
 156:Core/Src/system_stm32f3xx.c **** 
 157:Core/Src/system_stm32f3xx.c **** /**
 158:Core/Src/system_stm32f3xx.c ****   * @}
 159:Core/Src/system_stm32f3xx.c ****   */
 160:Core/Src/system_stm32f3xx.c **** 
 161:Core/Src/system_stm32f3xx.c **** /** @addtogroup STM32F3xx_System_Private_Functions
 162:Core/Src/system_stm32f3xx.c ****   * @{
 163:Core/Src/system_stm32f3xx.c ****   */
 164:Core/Src/system_stm32f3xx.c **** 
 165:Core/Src/system_stm32f3xx.c **** /**
 166:Core/Src/system_stm32f3xx.c ****   * @brief  Setup the microcontroller system
 167:Core/Src/system_stm32f3xx.c ****   * @param  None
 168:Core/Src/system_stm32f3xx.c ****   * @retval None
 169:Core/Src/system_stm32f3xx.c ****   */
 170:Core/Src/system_stm32f3xx.c **** void SystemInit(void)
 171:Core/Src/system_stm32f3xx.c **** {
  29              		.loc 1 171 1 view -0
  30              		.cfi_startproc
  31              		@ args = 0, pretend = 0, frame = 0
  32              		@ frame_needed = 0, uses_anonymous_args = 0
  33              		@ link register save eliminated.
 172:Core/Src/system_stm32f3xx.c **** /* FPU settings --------------------------------------------------------------*/
 173:Core/Src/system_stm32f3xx.c **** #if (__FPU_PRESENT == 1) && (__FPU_USED == 1)
 174:Core/Src/system_stm32f3xx.c ****   SCB->CPACR |= ((3UL << 10*2)|(3UL << 11*2));  /* set CP10 and CP11 Full Access */
  34              		.loc 1 174 3 view .LVU1
  35              		.loc 1 174 14 is_stmt 0 view .LVU2
  36 0000 034A     		ldr	r2, .L2
  37 0002 D2F88830 		ldr	r3, [r2, #136]
  38 0006 43F47003 		orr	r3, r3, #15728640
  39 000a C2F88830 		str	r3, [r2, #136]
 175:Core/Src/system_stm32f3xx.c **** #endif
 176:Core/Src/system_stm32f3xx.c **** 
 177:Core/Src/system_stm32f3xx.c ****   /* Configure the Vector Table location -------------------------------------*/
 178:Core/Src/system_stm32f3xx.c **** #if defined(USER_VECT_TAB_ADDRESS)
 179:Core/Src/system_stm32f3xx.c ****   SCB->VTOR = VECT_TAB_BASE_ADDRESS | VECT_TAB_OFFSET; /* Vector Table Relocation in Internal SRAM 
 180:Core/Src/system_stm32f3xx.c **** #endif /* USER_VECT_TAB_ADDRESS */
 181:Core/Src/system_stm32f3xx.c **** }
  40              		.loc 1 181 1 view .LVU3
  41 000e 7047     		bx	lr
  42              	.L3:
  43              		.align	2
  44              	.L2:
  45 0010 00ED00E0 		.word	-536810240
  46              		.cfi_endproc
  47              	.LFE130:
  49              		.section	.text.SystemCoreClockUpdate,"ax",%progbits
ARM GAS  C:\Users\NICHOL~2\AppData\Local\Temp\ccif1Um5.s 			page 5


  50              		.align	1
  51              		.global	SystemCoreClockUpdate
  52              		.syntax unified
  53              		.thumb
  54              		.thumb_func
  56              	SystemCoreClockUpdate:
  57              	.LFB131:
 182:Core/Src/system_stm32f3xx.c **** 
 183:Core/Src/system_stm32f3xx.c **** /**
 184:Core/Src/system_stm32f3xx.c ****    * @brief  Update SystemCoreClock variable according to Clock Register Values.
 185:Core/Src/system_stm32f3xx.c ****   *         The SystemCoreClock variable contains the core clock (HCLK), it can
 186:Core/Src/system_stm32f3xx.c ****   *         be used by the user application to setup the SysTick timer or configure
 187:Core/Src/system_stm32f3xx.c ****   *         other parameters.
 188:Core/Src/system_stm32f3xx.c ****   *
 189:Core/Src/system_stm32f3xx.c ****   * @note   Each time the core clock (HCLK) changes, this function must be called
 190:Core/Src/system_stm32f3xx.c ****   *         to update SystemCoreClock variable value. Otherwise, any configuration
 191:Core/Src/system_stm32f3xx.c ****   *         based on this variable will be incorrect.
 192:Core/Src/system_stm32f3xx.c ****   *
 193:Core/Src/system_stm32f3xx.c ****   * @note   - The system frequency computed by this function is not the real
 194:Core/Src/system_stm32f3xx.c ****   *           frequency in the chip. It is calculated based on the predefined
 195:Core/Src/system_stm32f3xx.c ****   *           constant and the selected clock source:
 196:Core/Src/system_stm32f3xx.c ****   *
 197:Core/Src/system_stm32f3xx.c ****   *           - If SYSCLK source is HSI, SystemCoreClock will contain the HSI_VALUE(*)
 198:Core/Src/system_stm32f3xx.c ****   *
 199:Core/Src/system_stm32f3xx.c ****   *           - If SYSCLK source is HSE, SystemCoreClock will contain the HSE_VALUE(**)
 200:Core/Src/system_stm32f3xx.c ****   *
 201:Core/Src/system_stm32f3xx.c ****   *           - If SYSCLK source is PLL, SystemCoreClock will contain the HSE_VALUE(**)
 202:Core/Src/system_stm32f3xx.c ****   *             or HSI_VALUE(*) multiplied/divided by the PLL factors.
 203:Core/Src/system_stm32f3xx.c ****   *
 204:Core/Src/system_stm32f3xx.c ****   *         (*) HSI_VALUE is a constant defined in stm32f3xx_hal.h file (default value
 205:Core/Src/system_stm32f3xx.c ****   *             8 MHz) but the real value may vary depending on the variations
 206:Core/Src/system_stm32f3xx.c ****   *             in voltage and temperature.
 207:Core/Src/system_stm32f3xx.c ****   *
 208:Core/Src/system_stm32f3xx.c ****   *         (**) HSE_VALUE is a constant defined in stm32f3xx_hal.h file (default value
 209:Core/Src/system_stm32f3xx.c ****   *              8 MHz), user has to ensure that HSE_VALUE is same as the real
 210:Core/Src/system_stm32f3xx.c ****   *              frequency of the crystal used. Otherwise, this function may
 211:Core/Src/system_stm32f3xx.c ****   *              have wrong result.
 212:Core/Src/system_stm32f3xx.c ****   *
 213:Core/Src/system_stm32f3xx.c ****   *         - The result of this function could be not correct when using fractional
 214:Core/Src/system_stm32f3xx.c ****   *           value for HSE crystal.
 215:Core/Src/system_stm32f3xx.c ****   *
 216:Core/Src/system_stm32f3xx.c ****   * @param  None
 217:Core/Src/system_stm32f3xx.c ****   * @retval None
 218:Core/Src/system_stm32f3xx.c ****   */
 219:Core/Src/system_stm32f3xx.c **** void SystemCoreClockUpdate (void)
 220:Core/Src/system_stm32f3xx.c **** {
  58              		.loc 1 220 1 is_stmt 1 view -0
  59              		.cfi_startproc
  60              		@ args = 0, pretend = 0, frame = 0
  61              		@ frame_needed = 0, uses_anonymous_args = 0
  62              		@ link register save eliminated.
 221:Core/Src/system_stm32f3xx.c ****   uint32_t tmp = 0, pllmull = 0, pllsource = 0, predivfactor = 0;
  63              		.loc 1 221 3 view .LVU5
  64              	.LVL0:
 222:Core/Src/system_stm32f3xx.c **** 
 223:Core/Src/system_stm32f3xx.c ****   /* Get SYSCLK source -------------------------------------------------------*/
 224:Core/Src/system_stm32f3xx.c ****   tmp = RCC->CFGR & RCC_CFGR_SWS;
ARM GAS  C:\Users\NICHOL~2\AppData\Local\Temp\ccif1Um5.s 			page 6


  65              		.loc 1 224 3 view .LVU6
  66              		.loc 1 224 12 is_stmt 0 view .LVU7
  67 0000 1E4B     		ldr	r3, .L12
  68 0002 5B68     		ldr	r3, [r3, #4]
  69              		.loc 1 224 7 view .LVU8
  70 0004 03F00C03 		and	r3, r3, #12
  71              	.LVL1:
 225:Core/Src/system_stm32f3xx.c **** 
 226:Core/Src/system_stm32f3xx.c ****   switch (tmp)
  72              		.loc 1 226 3 is_stmt 1 view .LVU9
  73 0008 042B     		cmp	r3, #4
  74 000a 14D0     		beq	.L5
  75 000c 082B     		cmp	r3, #8
  76 000e 16D0     		beq	.L6
  77 0010 1BB1     		cbz	r3, .L10
 227:Core/Src/system_stm32f3xx.c ****   {
 228:Core/Src/system_stm32f3xx.c ****     case RCC_CFGR_SWS_HSI:  /* HSI used as system clock */
 229:Core/Src/system_stm32f3xx.c ****       SystemCoreClock = HSI_VALUE;
 230:Core/Src/system_stm32f3xx.c ****       break;
 231:Core/Src/system_stm32f3xx.c ****     case RCC_CFGR_SWS_HSE:  /* HSE used as system clock */
 232:Core/Src/system_stm32f3xx.c ****       SystemCoreClock = HSE_VALUE;
 233:Core/Src/system_stm32f3xx.c ****       break;
 234:Core/Src/system_stm32f3xx.c ****     case RCC_CFGR_SWS_PLL:  /* PLL used as system clock */
 235:Core/Src/system_stm32f3xx.c ****       /* Get PLL clock source and multiplication factor ----------------------*/
 236:Core/Src/system_stm32f3xx.c ****       pllmull = RCC->CFGR & RCC_CFGR_PLLMUL;
 237:Core/Src/system_stm32f3xx.c ****       pllsource = RCC->CFGR & RCC_CFGR_PLLSRC;
 238:Core/Src/system_stm32f3xx.c ****       pllmull = ( pllmull >> 18) + 2;
 239:Core/Src/system_stm32f3xx.c **** 
 240:Core/Src/system_stm32f3xx.c **** #if defined (STM32F302xE) || defined (STM32F303xE) || defined (STM32F398xx)
 241:Core/Src/system_stm32f3xx.c ****         predivfactor = (RCC->CFGR2 & RCC_CFGR2_PREDIV) + 1;
 242:Core/Src/system_stm32f3xx.c ****       if (pllsource == RCC_CFGR_PLLSRC_HSE_PREDIV)
 243:Core/Src/system_stm32f3xx.c ****       {
 244:Core/Src/system_stm32f3xx.c ****         /* HSE oscillator clock selected as PREDIV1 clock entry */
 245:Core/Src/system_stm32f3xx.c ****         SystemCoreClock = (HSE_VALUE / predivfactor) * pllmull;
 246:Core/Src/system_stm32f3xx.c ****       }
 247:Core/Src/system_stm32f3xx.c ****       else
 248:Core/Src/system_stm32f3xx.c ****       {
 249:Core/Src/system_stm32f3xx.c ****         /* HSI oscillator clock selected as PREDIV1 clock entry */
 250:Core/Src/system_stm32f3xx.c ****         SystemCoreClock = (HSI_VALUE / predivfactor) * pllmull;
 251:Core/Src/system_stm32f3xx.c ****       }
 252:Core/Src/system_stm32f3xx.c **** #else      
 253:Core/Src/system_stm32f3xx.c ****       if (pllsource == RCC_CFGR_PLLSRC_HSI_DIV2)
 254:Core/Src/system_stm32f3xx.c ****       {
 255:Core/Src/system_stm32f3xx.c ****         /* HSI oscillator clock divided by 2 selected as PLL clock entry */
 256:Core/Src/system_stm32f3xx.c ****         SystemCoreClock = (HSI_VALUE >> 1) * pllmull;
 257:Core/Src/system_stm32f3xx.c ****       }
 258:Core/Src/system_stm32f3xx.c ****       else
 259:Core/Src/system_stm32f3xx.c ****       {
 260:Core/Src/system_stm32f3xx.c ****         predivfactor = (RCC->CFGR2 & RCC_CFGR2_PREDIV) + 1;
 261:Core/Src/system_stm32f3xx.c ****         /* HSE oscillator clock selected as PREDIV1 clock entry */
 262:Core/Src/system_stm32f3xx.c ****         SystemCoreClock = (HSE_VALUE / predivfactor) * pllmull;
 263:Core/Src/system_stm32f3xx.c ****       }
 264:Core/Src/system_stm32f3xx.c **** #endif /* STM32F302xE || STM32F303xE || STM32F398xx */
 265:Core/Src/system_stm32f3xx.c ****       break;
 266:Core/Src/system_stm32f3xx.c ****     default: /* HSI used as system clock */
 267:Core/Src/system_stm32f3xx.c ****       SystemCoreClock = HSI_VALUE;
  78              		.loc 1 267 7 view .LVU10
ARM GAS  C:\Users\NICHOL~2\AppData\Local\Temp\ccif1Um5.s 			page 7


  79              		.loc 1 267 23 is_stmt 0 view .LVU11
  80 0012 1B4B     		ldr	r3, .L12+4
  81              	.LVL2:
  82              		.loc 1 267 23 view .LVU12
  83 0014 1B4A     		ldr	r2, .L12+8
  84 0016 1A60     		str	r2, [r3]
 268:Core/Src/system_stm32f3xx.c ****       break;
  85              		.loc 1 268 7 is_stmt 1 view .LVU13
  86 0018 02E0     		b	.L8
  87              	.LVL3:
  88              	.L10:
 229:Core/Src/system_stm32f3xx.c ****       break;
  89              		.loc 1 229 7 view .LVU14
 229:Core/Src/system_stm32f3xx.c ****       break;
  90              		.loc 1 229 23 is_stmt 0 view .LVU15
  91 001a 194B     		ldr	r3, .L12+4
  92              	.LVL4:
 229:Core/Src/system_stm32f3xx.c ****       break;
  93              		.loc 1 229 23 view .LVU16
  94 001c 194A     		ldr	r2, .L12+8
  95 001e 1A60     		str	r2, [r3]
 230:Core/Src/system_stm32f3xx.c ****     case RCC_CFGR_SWS_HSE:  /* HSE used as system clock */
  96              		.loc 1 230 7 is_stmt 1 view .LVU17
  97              	.LVL5:
  98              	.L8:
 269:Core/Src/system_stm32f3xx.c ****   }
 270:Core/Src/system_stm32f3xx.c ****   /* Compute HCLK clock frequency ----------------*/
 271:Core/Src/system_stm32f3xx.c ****   /* Get HCLK prescaler */
 272:Core/Src/system_stm32f3xx.c ****   tmp = AHBPrescTable[((RCC->CFGR & RCC_CFGR_HPRE) >> 4)];
  99              		.loc 1 272 3 view .LVU18
 100              		.loc 1 272 28 is_stmt 0 view .LVU19
 101 0020 164B     		ldr	r3, .L12
 102 0022 5B68     		ldr	r3, [r3, #4]
 103              		.loc 1 272 52 view .LVU20
 104 0024 C3F30313 		ubfx	r3, r3, #4, #4
 105              		.loc 1 272 22 view .LVU21
 106 0028 174A     		ldr	r2, .L12+12
 107 002a D15C     		ldrb	r1, [r2, r3]	@ zero_extendqisi2
 108              	.LVL6:
 273:Core/Src/system_stm32f3xx.c ****   /* HCLK clock frequency */
 274:Core/Src/system_stm32f3xx.c ****   SystemCoreClock >>= tmp;
 109              		.loc 1 274 3 is_stmt 1 view .LVU22
 110              		.loc 1 274 19 is_stmt 0 view .LVU23
 111 002c 144A     		ldr	r2, .L12+4
 112 002e 1368     		ldr	r3, [r2]
 113 0030 CB40     		lsrs	r3, r3, r1
 114 0032 1360     		str	r3, [r2]
 275:Core/Src/system_stm32f3xx.c **** }
 115              		.loc 1 275 1 view .LVU24
 116 0034 7047     		bx	lr
 117              	.LVL7:
 118              	.L5:
 232:Core/Src/system_stm32f3xx.c ****       break;
 119              		.loc 1 232 7 is_stmt 1 view .LVU25
 232:Core/Src/system_stm32f3xx.c ****       break;
 120              		.loc 1 232 23 is_stmt 0 view .LVU26
 121 0036 124B     		ldr	r3, .L12+4
ARM GAS  C:\Users\NICHOL~2\AppData\Local\Temp\ccif1Um5.s 			page 8


 122              	.LVL8:
 232:Core/Src/system_stm32f3xx.c ****       break;
 123              		.loc 1 232 23 view .LVU27
 124 0038 124A     		ldr	r2, .L12+8
 125 003a 1A60     		str	r2, [r3]
 233:Core/Src/system_stm32f3xx.c ****     case RCC_CFGR_SWS_PLL:  /* PLL used as system clock */
 126              		.loc 1 233 7 is_stmt 1 view .LVU28
 127 003c F0E7     		b	.L8
 128              	.LVL9:
 129              	.L6:
 236:Core/Src/system_stm32f3xx.c ****       pllsource = RCC->CFGR & RCC_CFGR_PLLSRC;
 130              		.loc 1 236 7 view .LVU29
 236:Core/Src/system_stm32f3xx.c ****       pllsource = RCC->CFGR & RCC_CFGR_PLLSRC;
 131              		.loc 1 236 20 is_stmt 0 view .LVU30
 132 003e 0F4A     		ldr	r2, .L12
 133 0040 5368     		ldr	r3, [r2, #4]
 134              	.LVL10:
 237:Core/Src/system_stm32f3xx.c ****       pllmull = ( pllmull >> 18) + 2;
 135              		.loc 1 237 7 is_stmt 1 view .LVU31
 237:Core/Src/system_stm32f3xx.c ****       pllmull = ( pllmull >> 18) + 2;
 136              		.loc 1 237 22 is_stmt 0 view .LVU32
 137 0042 5168     		ldr	r1, [r2, #4]
 237:Core/Src/system_stm32f3xx.c ****       pllmull = ( pllmull >> 18) + 2;
 138              		.loc 1 237 17 view .LVU33
 139 0044 01F4C031 		and	r1, r1, #98304
 140              	.LVL11:
 238:Core/Src/system_stm32f3xx.c **** 
 141              		.loc 1 238 7 is_stmt 1 view .LVU34
 238:Core/Src/system_stm32f3xx.c **** 
 142              		.loc 1 238 27 is_stmt 0 view .LVU35
 143 0048 C3F38343 		ubfx	r3, r3, #18, #4
 144              	.LVL12:
 238:Core/Src/system_stm32f3xx.c **** 
 145              		.loc 1 238 15 view .LVU36
 146 004c 0233     		adds	r3, r3, #2
 147              	.LVL13:
 241:Core/Src/system_stm32f3xx.c ****       if (pllsource == RCC_CFGR_PLLSRC_HSE_PREDIV)
 148              		.loc 1 241 9 is_stmt 1 view .LVU37
 241:Core/Src/system_stm32f3xx.c ****       if (pllsource == RCC_CFGR_PLLSRC_HSE_PREDIV)
 149              		.loc 1 241 28 is_stmt 0 view .LVU38
 150 004e D26A     		ldr	r2, [r2, #44]
 241:Core/Src/system_stm32f3xx.c ****       if (pllsource == RCC_CFGR_PLLSRC_HSE_PREDIV)
 151              		.loc 1 241 36 view .LVU39
 152 0050 02F00F02 		and	r2, r2, #15
 241:Core/Src/system_stm32f3xx.c ****       if (pllsource == RCC_CFGR_PLLSRC_HSE_PREDIV)
 153              		.loc 1 241 22 view .LVU40
 154 0054 0132     		adds	r2, r2, #1
 155              	.LVL14:
 242:Core/Src/system_stm32f3xx.c ****       {
 156              		.loc 1 242 7 is_stmt 1 view .LVU41
 242:Core/Src/system_stm32f3xx.c ****       {
 157              		.loc 1 242 10 is_stmt 0 view .LVU42
 158 0056 B1F5803F 		cmp	r1, #65536
 159 005a 07D0     		beq	.L11
 250:Core/Src/system_stm32f3xx.c ****       }
 160              		.loc 1 250 9 is_stmt 1 view .LVU43
 250:Core/Src/system_stm32f3xx.c ****       }
ARM GAS  C:\Users\NICHOL~2\AppData\Local\Temp\ccif1Um5.s 			page 9


 161              		.loc 1 250 38 is_stmt 0 view .LVU44
 162 005c 0949     		ldr	r1, .L12+8
 163              	.LVL15:
 250:Core/Src/system_stm32f3xx.c ****       }
 164              		.loc 1 250 38 view .LVU45
 165 005e B1FBF2F2 		udiv	r2, r1, r2
 166              	.LVL16:
 250:Core/Src/system_stm32f3xx.c ****       }
 167              		.loc 1 250 54 view .LVU46
 168 0062 02FB03F3 		mul	r3, r2, r3
 169              	.LVL17:
 250:Core/Src/system_stm32f3xx.c ****       }
 170              		.loc 1 250 25 view .LVU47
 171 0066 064A     		ldr	r2, .L12+4
 172 0068 1360     		str	r3, [r2]
 173 006a D9E7     		b	.L8
 174              	.LVL18:
 175              	.L11:
 245:Core/Src/system_stm32f3xx.c ****       }
 176              		.loc 1 245 9 is_stmt 1 view .LVU48
 245:Core/Src/system_stm32f3xx.c ****       }
 177              		.loc 1 245 38 is_stmt 0 view .LVU49
 178 006c 0549     		ldr	r1, .L12+8
 179              	.LVL19:
 245:Core/Src/system_stm32f3xx.c ****       }
 180              		.loc 1 245 38 view .LVU50
 181 006e B1FBF2F2 		udiv	r2, r1, r2
 182              	.LVL20:
 245:Core/Src/system_stm32f3xx.c ****       }
 183              		.loc 1 245 54 view .LVU51
 184 0072 02FB03F3 		mul	r3, r2, r3
 185              	.LVL21:
 245:Core/Src/system_stm32f3xx.c ****       }
 186              		.loc 1 245 25 view .LVU52
 187 0076 024A     		ldr	r2, .L12+4
 188 0078 1360     		str	r3, [r2]
 189 007a D1E7     		b	.L8
 190              	.L13:
 191              		.align	2
 192              	.L12:
 193 007c 00100240 		.word	1073876992
 194 0080 00000000 		.word	.LANCHOR0
 195 0084 00127A00 		.word	8000000
 196 0088 00000000 		.word	.LANCHOR1
 197              		.cfi_endproc
 198              	.LFE131:
 200              		.global	APBPrescTable
 201              		.global	AHBPrescTable
 202              		.global	SystemCoreClock
 203              		.section	.data.SystemCoreClock,"aw"
 204              		.align	2
 205              		.set	.LANCHOR0,. + 0
 208              	SystemCoreClock:
 209 0000 00127A00 		.word	8000000
 210              		.section	.rodata.AHBPrescTable,"a"
 211              		.align	2
 212              		.set	.LANCHOR1,. + 0
ARM GAS  C:\Users\NICHOL~2\AppData\Local\Temp\ccif1Um5.s 			page 10


 215              	AHBPrescTable:
 216 0000 00000000 		.ascii	"\000\000\000\000\000\000\000\000\001\002\003\004\006"
 216      00000000 
 216      01020304 
 216      06
 217 000d 070809   		.ascii	"\007\010\011"
 218              		.section	.rodata.APBPrescTable,"a"
 219              		.align	2
 222              	APBPrescTable:
 223 0000 00000000 		.ascii	"\000\000\000\000\001\002\003\004"
 223      01020304 
 224              		.text
 225              	.Letext0:
 226              		.file 2 "c:\\program files (x86)\\gnu arm embedded toolchain\\10 2021.10\\arm-none-eabi\\include\\
 227              		.file 3 "c:\\program files (x86)\\gnu arm embedded toolchain\\10 2021.10\\arm-none-eabi\\include\\
 228              		.file 4 "Drivers/CMSIS/Include/core_cm4.h"
 229              		.file 5 "Drivers/CMSIS/Device/ST/STM32F3xx/Include/system_stm32f3xx.h"
 230              		.file 6 "Drivers/CMSIS/Device/ST/STM32F3xx/Include/stm32f303xe.h"
ARM GAS  C:\Users\NICHOL~2\AppData\Local\Temp\ccif1Um5.s 			page 11


DEFINED SYMBOLS
                            *ABS*:00000000 system_stm32f3xx.c
C:\Users\NICHOL~2\AppData\Local\Temp\ccif1Um5.s:20     .text.SystemInit:00000000 $t
C:\Users\NICHOL~2\AppData\Local\Temp\ccif1Um5.s:26     .text.SystemInit:00000000 SystemInit
C:\Users\NICHOL~2\AppData\Local\Temp\ccif1Um5.s:45     .text.SystemInit:00000010 $d
C:\Users\NICHOL~2\AppData\Local\Temp\ccif1Um5.s:50     .text.SystemCoreClockUpdate:00000000 $t
C:\Users\NICHOL~2\AppData\Local\Temp\ccif1Um5.s:56     .text.SystemCoreClockUpdate:00000000 SystemCoreClockUpdate
C:\Users\NICHOL~2\AppData\Local\Temp\ccif1Um5.s:193    .text.SystemCoreClockUpdate:0000007c $d
C:\Users\NICHOL~2\AppData\Local\Temp\ccif1Um5.s:222    .rodata.APBPrescTable:00000000 APBPrescTable
C:\Users\NICHOL~2\AppData\Local\Temp\ccif1Um5.s:215    .rodata.AHBPrescTable:00000000 AHBPrescTable
C:\Users\NICHOL~2\AppData\Local\Temp\ccif1Um5.s:208    .data.SystemCoreClock:00000000 SystemCoreClock
C:\Users\NICHOL~2\AppData\Local\Temp\ccif1Um5.s:204    .data.SystemCoreClock:00000000 $d
C:\Users\NICHOL~2\AppData\Local\Temp\ccif1Um5.s:211    .rodata.AHBPrescTable:00000000 $d
C:\Users\NICHOL~2\AppData\Local\Temp\ccif1Um5.s:219    .rodata.APBPrescTable:00000000 $d

NO UNDEFINED SYMBOLS
